<?xml version="1.0" encoding="UTF-8"?>
<!-- Generated by org.testng.reporters.JUnitXMLReporter -->
<testsuite ignored="0" hostname="INAIRLT541343" failures="0" tests="3" name="Default test" time="54.435" errors="0" timestamp="24 Apr 2023 10:15:53 GMT">
  <testcase classname="com.qa.opencart.tests.RegistrationPageTest" name="userRegistrationTest" time="4.251"/>
  <testcase classname="com.qa.opencart.tests.RegistrationPageTest" name="userRegistrationTest" time="3.362"/>
  <testcase classname="com.qa.opencart.tests.RegistrationPageTest" name="userRegistrationTest" time="3.284"/>
</testsuite> <!-- Default test -->
