<?xml version="1.0" encoding="UTF-8"?>
<testng-results ignored="0" total="3" passed="3" failed="0" skipped="0">
  <reporter-output>
  </reporter-output>
  <suite started-at="2023-04-24T10:14:58Z" name="Default suite" finished-at="2023-04-24T10:15:53Z" duration-ms="54435">
    <groups>
    </groups>
    <test started-at="2023-04-24T10:14:58Z" name="Default test" finished-at="2023-04-24T10:15:53Z" duration-ms="54435">
      <class name="com.qa.opencart.tests.RegistrationPageTest">
        <test-method is-config="true" signature="setUp()[pri:0, instance:com.qa.opencart.tests.RegistrationPageTest@7a55af6b]" started-at="2023-04-24T10:14:58Z" name="setUp" finished-at="2023-04-24T10:15:38Z" duration-ms="39861" status="PASS">
          <reporter-output>
          </reporter-output>
        </test-method> <!-- setUp -->
        <test-method is-config="true" signature="setupRegistration()[pri:0, instance:com.qa.opencart.tests.RegistrationPageTest@7a55af6b]" started-at="2023-04-24T10:15:38Z" name="setupRegistration" finished-at="2023-04-24T10:15:40Z" duration-ms="1984" status="PASS">
          <reporter-output>
          </reporter-output>
        </test-method> <!-- setupRegistration -->
        <test-method signature="userRegistrationTest(java.lang.String, java.lang.String, java.lang.String, java.lang.String, java.lang.String)[pri:0, instance:com.qa.opencart.tests.RegistrationPageTest@7a55af6b]" started-at="2023-04-24T10:15:42Z" name="userRegistrationTest" data-provider="getRegisterData" finished-at="2023-04-24T10:15:46Z" duration-ms="4251" status="PASS">
          <params>
            <param index="0">
              <value>
                <![CDATA[raju]]>
              </value>
            </param>
            <param index="1">
              <value>
                <![CDATA[ln1]]>
              </value>
            </param>
            <param index="2">
              <value>
                <![CDATA[7897987]]>
              </value>
            </param>
            <param index="3">
              <value>
                <![CDATA[test@123]]>
              </value>
            </param>
            <param index="4">
              <value>
                <![CDATA[yes]]>
              </value>
            </param>
          </params>
          <reporter-output>
          </reporter-output>
        </test-method> <!-- userRegistrationTest -->
        <test-method signature="userRegistrationTest(java.lang.String, java.lang.String, java.lang.String, java.lang.String, java.lang.String)[pri:0, instance:com.qa.opencart.tests.RegistrationPageTest@7a55af6b]" started-at="2023-04-24T10:15:46Z" name="userRegistrationTest" data-provider="getRegisterData" finished-at="2023-04-24T10:15:50Z" duration-ms="3362" status="PASS">
          <params>
            <param index="0">
              <value>
                <![CDATA[rinku]]>
              </value>
            </param>
            <param index="1">
              <value>
                <![CDATA[ln2]]>
              </value>
            </param>
            <param index="2">
              <value>
                <![CDATA[990809890]]>
              </value>
            </param>
            <param index="3">
              <value>
                <![CDATA[test@345]]>
              </value>
            </param>
            <param index="4">
              <value>
                <![CDATA[no]]>
              </value>
            </param>
          </params>
          <reporter-output>
          </reporter-output>
        </test-method> <!-- userRegistrationTest -->
        <test-method signature="userRegistrationTest(java.lang.String, java.lang.String, java.lang.String, java.lang.String, java.lang.String)[pri:0, instance:com.qa.opencart.tests.RegistrationPageTest@7a55af6b]" started-at="2023-04-24T10:15:50Z" name="userRegistrationTest" data-provider="getRegisterData" finished-at="2023-04-24T10:15:53Z" duration-ms="3284" status="PASS">
          <params>
            <param index="0">
              <value>
                <![CDATA[sameer]]>
              </value>
            </param>
            <param index="1">
              <value>
                <![CDATA[ln3]]>
              </value>
            </param>
            <param index="2">
              <value>
                <![CDATA[6789898]]>
              </value>
            </param>
            <param index="3">
              <value>
                <![CDATA[test@567]]>
              </value>
            </param>
            <param index="4">
              <value>
                <![CDATA[yes]]>
              </value>
            </param>
          </params>
          <reporter-output>
          </reporter-output>
        </test-method> <!-- userRegistrationTest -->
        <test-method is-config="true" signature="tearDown()[pri:0, instance:com.qa.opencart.tests.RegistrationPageTest@7a55af6b]" started-at="2023-04-24T10:15:53Z" name="tearDown" finished-at="2023-04-24T10:15:53Z" duration-ms="0" status="PASS">
          <reporter-output>
          </reporter-output>
        </test-method> <!-- tearDown -->
      </class> <!-- com.qa.opencart.tests.RegistrationPageTest -->
    </test> <!-- Default test -->
  </suite> <!-- Default suite -->
</testng-results>
